[debug] [2020-05-12T09:02:19.013Z] ----------------------------------------------------------------------
[debug] [2020-05-12T09:02:19.016Z] Command:       /home/indmind/.nvm/versions/node/v10.15.3/bin/node /home/indmind/.nvm/versions/node/v10.15.3/bin/firebase serve
[debug] [2020-05-12T09:02:19.017Z] CLI Version:   8.2.0
[debug] [2020-05-12T09:02:19.017Z] Platform:      linux
[debug] [2020-05-12T09:02:19.017Z] Node Version:  v10.15.3
[debug] [2020-05-12T09:02:19.017Z] Time:          Tue May 12 2020 16:02:19 GMT+0700 (Western Indonesia Time)
[debug] [2020-05-12T09:02:19.018Z] ----------------------------------------------------------------------
[debug] [2020-05-12T09:02:19.018Z] 
[debug] [2020-05-12T09:02:19.027Z] > command requires scopes: ["email","openid","https://www.googleapis.com/auth/cloudplatformprojects.readonly","https://www.googleapis.com/auth/firebase","https://www.googleapis.com/auth/cloud-platform"]
[debug] [2020-05-12T09:02:19.027Z] > authorizing via signed-in user
[debug] [2020-05-12T09:02:19.028Z] [iam] checking project balbalan-7137e for permissions ["firebase.projects.get"]
[debug] [2020-05-12T09:02:19.030Z] >>> HTTP REQUEST POST https://cloudresourcemanager.googleapis.com/v1/projects/balbalan-7137e:testIamPermissions  
 {"permissions":["firebase.projects.get"]}
[debug] [2020-05-12T09:02:20.522Z] <<< HTTP RESPONSE 200 {"content-type":"application/json; charset=UTF-8","vary":"X-Origin, Referer, Origin,Accept-Encoding","date":"Tue, 12 May 2020 09:02:20 GMT","server":"ESF","cache-control":"private","x-xss-protection":"0","x-frame-options":"SAMEORIGIN","x-content-type-options":"nosniff","server-timing":"gfet4t7; dur=1242","alt-svc":"h3-27=\":443\"; ma=2592000,h3-25=\":443\"; ma=2592000,h3-Q050=\":443\"; ma=2592000,h3-Q049=\":443\"; ma=2592000,h3-Q048=\":443\"; ma=2592000,h3-Q046=\":443\"; ma=2592000,h3-Q043=\":443\"; ma=2592000,quic=\":443\"; ma=2592000; v=\"46,43\"","accept-ranges":"none","transfer-encoding":"chunked"}
[debug] [2020-05-12T09:02:20.529Z] >>> HTTP REQUEST GET https://firebase.googleapis.com/v1beta1/projects/balbalan-7137e  
 
[debug] [2020-05-12T09:02:20.866Z] <<< HTTP RESPONSE 200 {"content-type":"application/json; charset=UTF-8","vary":"X-Origin, Referer, Origin,Accept-Encoding","date":"Tue, 12 May 2020 09:02:20 GMT","server":"ESF","cache-control":"private","x-xss-protection":"0","x-frame-options":"SAMEORIGIN","x-content-type-options":"nosniff","alt-svc":"h3-27=\":443\"; ma=2592000,h3-25=\":443\"; ma=2592000,h3-Q050=\":443\"; ma=2592000,h3-Q049=\":443\"; ma=2592000,h3-Q048=\":443\"; ma=2592000,h3-Q046=\":443\"; ma=2592000,h3-Q043=\":443\"; ma=2592000,quic=\":443\"; ma=2592000; v=\"46,43\"","accept-ranges":"none","transfer-encoding":"chunked"}
[info] 
[info] === Serving from '/home/indmind/Projects/web/dicoding/balbalan'...
[info] 
[debug] [2020-05-12T09:02:20.879Z] >>> HTTP REQUEST GET https://firebase.googleapis.com/v1beta1/projects/balbalan-7137e/webApps/-/config  
 
[debug] [2020-05-12T09:02:21.735Z] <<< HTTP RESPONSE 200 {"content-type":"application/json; charset=UTF-8","vary":"X-Origin, Referer, Origin,Accept-Encoding","date":"Tue, 12 May 2020 09:02:21 GMT","server":"ESF","cache-control":"private","x-xss-protection":"0","x-frame-options":"SAMEORIGIN","x-content-type-options":"nosniff","alt-svc":"h3-27=\":443\"; ma=2592000,h3-25=\":443\"; ma=2592000,h3-Q050=\":443\"; ma=2592000,h3-Q049=\":443\"; ma=2592000,h3-Q048=\":443\"; ma=2592000,h3-Q046=\":443\"; ma=2592000,h3-Q043=\":443\"; ma=2592000,quic=\":443\"; ma=2592000; v=\"46,43\"","accept-ranges":"none","transfer-encoding":"chunked"}
[info] ✔  hosting: Local server: http://localhost:5000
